## Tyrel Kostyk, tck290, 11216033
## CMPT145-04, Lab Section 04
## A7q0; a7-git.log, due Friday Saturday March 17th, 2018, 10pm

### NOTE TO MARKER: I don't use PyCharm (I prefer Atom). I also use my own preferred
method of version control using Git Bash (on GitHub). This is why my format may look
slightly different than what you're expecting. PS; they're in descending order (most
recent on top)

####################################################################################
####################################################################################

#6
commit c061b4b4f80acb4f1cfd8cb05563104776597d02
Author: tyrelkostyk <tck290@mail.usask.ca>
Date:   Sat Mar 17 22:25:19 2018 -0600

    Finished test cases for b, in a7q6.py, but the actual function is still unusable

#5
commit 469646071d9e5911086fd4d42c92123e9ff09954
Author: tyrelkostyk <tck290@mail.usask.ca>
Date:   Sat Mar 17 22:06:22 2018 -0600

    finished writing & testing parts a and c for a7q6.py. b is still eluding me
    however

#4
commit 26a52c00840dd7a03e88a12e10c88658b766d8b1
Author: tyrelkostyk <tck290@mail.usask.ca>
Date:   Sat Mar 17 20:39:43 2018 -0600

    Almost finished subst() from a7q6, just wrapping up testing

#3
commit fcc515f6b63e1dc0cd521271d6ee988d7e57cdd4
Author: tyrelkostyk <tck290@mail.usask.ca>
Date:   Fri Mar 16 19:48:49 2018 -0600

    Finished a6q5.py, all functions tested & working as expected

#2
commit 034a732ff26e08ac4f6ebb5907171474b0013486
Author: tyrelkostyk <tck290@mail.usask.ca>
Date:   Fri Mar 16 19:11:12 2018 -0600

    finsihed & tested a, b for a7q5.py. Both working for all testeed cases

#1
commit 2a4fb0e2987b2313abce427b1950f50d39f76a33
Author: tyrelkostyk <tck290@mail.usask.ca>
Date:   Fri Mar 16 18:29:50 2018 -0600

    Finished non-programming questions for a7
